ERROR - 2025-05-08 03:57:14 --> mysqli_sql_exception: Unknown column 'updated_at' in 'field list' in C:\Users\User\ci4authentication\vendor\codeigniter4\framework\system\Database\MySQLi\Connection.php:327
Stack trace:
#0 C:\Users\User\ci4authentication\vendor\codeigniter4\framework\system\Database\MySQLi\Connection.php(327): mysqli->query('INSERT INTO `bo...', 0)
#1 C:\Users\User\ci4authentication\vendor\codeigniter4\framework\system\Database\BaseConnection.php(738): CodeIgniter\Database\MySQLi\Connection->execute('INSERT INTO `bo...')
#2 C:\Users\User\ci4authentication\vendor\codeigniter4\framework\system\Database\BaseConnection.php(652): CodeIgniter\Database\BaseConnection->simpleQuery('INSERT INTO `bo...')
#3 C:\Users\User\ci4authentication\vendor\codeigniter4\framework\system\Database\BaseBuilder.php(2345): CodeIgniter\Database\BaseConnection->query('INSERT INTO `bo...', Array, false)
#4 C:\Users\User\ci4authentication\vendor\codeigniter4\framework\system\Model.php(394): CodeIgniter\Database\BaseBuilder->insert()
#5 C:\Users\User\ci4authentication\vendor\codeigniter4\framework\system\BaseModel.php(843): CodeIgniter\Model->doInsert(Array)
#6 C:\Users\User\ci4authentication\vendor\codeigniter4\framework\system\Model.php(800): CodeIgniter\BaseModel->insert(Array, true)
#7 C:\Users\User\ci4authentication\app\Controllers\Api\BookingController.php(44): CodeIgniter\Model->insert(Array)
#8 C:\Users\User\ci4authentication\vendor\codeigniter4\framework\system\CodeIgniter.php(933): App\Controllers\Api\BookingController->create()
#9 C:\Users\User\ci4authentication\vendor\codeigniter4\framework\system\CodeIgniter.php(507): CodeIgniter\CodeIgniter->runController(Object(App\Controllers\Api\BookingController))
#10 C:\Users\User\ci4authentication\vendor\codeigniter4\framework\system\CodeIgniter.php(354): CodeIgniter\CodeIgniter->handleRequest(NULL, Object(Config\Cache), false)
#11 C:\Users\User\ci4authentication\vendor\codeigniter4\framework\system\Boot.php(334): CodeIgniter\CodeIgniter->run()
#12 C:\Users\User\ci4authentication\vendor\codeigniter4\framework\system\Boot.php(67): CodeIgniter\Boot::runCodeIgniter(Object(CodeIgniter\CodeIgniter))
#13 C:\Users\User\ci4authentication\public\index.php(56): CodeIgniter\Boot::bootWeb(Object(Config\Paths))
#14 C:\Users\User\ci4authentication\vendor\codeigniter4\framework\system\rewrite.php(44): require_once('C:\\Users\\User\\c...')
#15 {main}
CRITICAL - 2025-05-08 03:57:14 --> CodeIgniter\Database\Exceptions\DatabaseException: Unknown column 'updated_at' in 'field list'
[Method: POST, Route: api/booking]
in SYSTEMPATH\Database\BaseConnection.php on line 692.
 1 SYSTEMPATH\Database\BaseBuilder.php(2345): CodeIgniter\Database\BaseConnection->query('INSERT INTO `booking` (`booking_number`, `lot_id`, `customer_id`, `customer_count`, `total_amount`, `rental_list`, `check_in`, `check_out`, `receipt_number`, `created_at`, `updated_at`) VALUES (:booking_number:, :lot_id:, :customer_id:, :customer_count:, :total_amount:, :rental_list:, :check_in:, :check_out:, :receipt_number:, :created_at:, :updated_at:)', [...], false)
 2 SYSTEMPATH\Model.php(394): CodeIgniter\Database\BaseBuilder->insert()
 3 SYSTEMPATH\BaseModel.php(843): CodeIgniter\Model->doInsert([...])
 4 SYSTEMPATH\Model.php(800): CodeIgniter\BaseModel->insert([...], true)
 5 APPPATH\Controllers\Api\BookingController.php(44): CodeIgniter\Model->insert([...])
 6 SYSTEMPATH\CodeIgniter.php(933): App\Controllers\Api\BookingController->create()
 7 SYSTEMPATH\CodeIgniter.php(507): CodeIgniter\CodeIgniter->runController(Object(App\Controllers\Api\BookingController))
 8 SYSTEMPATH\CodeIgniter.php(354): CodeIgniter\CodeIgniter->handleRequest(null, Object(Config\Cache), false)
 9 SYSTEMPATH\Boot.php(334): CodeIgniter\CodeIgniter->run()
10 SYSTEMPATH\Boot.php(67): CodeIgniter\Boot::runCodeIgniter(Object(CodeIgniter\CodeIgniter))
11 FCPATH\index.php(56): CodeIgniter\Boot::bootWeb(Object(Config\Paths))
12 SYSTEMPATH\rewrite.php(44): require_once('C:\\Users\\User\\ci4authentication\\public\\index.php')
CRITICAL - 2025-05-08 03:57:14 --> [Caused by] CodeIgniter\Database\Exceptions\DatabaseException: Unknown column 'updated_at' in 'field list'
in SYSTEMPATH\Database\MySQLi\Connection.php on line 332.
 1 SYSTEMPATH\Database\BaseConnection.php(738): CodeIgniter\Database\MySQLi\Connection->execute('INSERT INTO `booking` (`booking_number`, `lot_id`, `customer_id`, `customer_count`, `total_amount`, `rental_list`, `check_in`, `check_out`, `receipt_number`, `created_at`, `updated_at`) VALUES (\'B001\', 1, 1, 2, 150, \'Tent, Sleeping Bag\', \'2025-06-01 14:00:00\', \'2025-06-03 10:00:00\', \'R001\', \'2025-05-08 03:57:14\', \'2025-05-08 03:57:14\')')
 2 SYSTEMPATH\Database\BaseConnection.php(652): CodeIgniter\Database\BaseConnection->simpleQuery('INSERT INTO `booking` (`booking_number`, `lot_id`, `customer_id`, `customer_count`, `total_amount`, `rental_list`, `check_in`, `check_out`, `receipt_number`, `created_at`, `updated_at`) VALUES (\'B001\', 1, 1, 2, 150, \'Tent, Sleeping Bag\', \'2025-06-01 14:00:00\', \'2025-06-03 10:00:00\', \'R001\', \'2025-05-08 03:57:14\', \'2025-05-08 03:57:14\')')
 3 SYSTEMPATH\Database\BaseBuilder.php(2345): CodeIgniter\Database\BaseConnection->query('INSERT INTO `booking` (`booking_number`, `lot_id`, `customer_id`, `customer_count`, `total_amount`, `rental_list`, `check_in`, `check_out`, `receipt_number`, `created_at`, `updated_at`) VALUES (:booking_number:, :lot_id:, :customer_id:, :customer_count:, :total_amount:, :rental_list:, :check_in:, :check_out:, :receipt_number:, :created_at:, :updated_at:)', [...], false)
 4 SYSTEMPATH\Model.php(394): CodeIgniter\Database\BaseBuilder->insert()
 5 SYSTEMPATH\BaseModel.php(843): CodeIgniter\Model->doInsert([...])
 6 SYSTEMPATH\Model.php(800): CodeIgniter\BaseModel->insert([...], true)
 7 APPPATH\Controllers\Api\BookingController.php(44): CodeIgniter\Model->insert([...])
 8 SYSTEMPATH\CodeIgniter.php(933): App\Controllers\Api\BookingController->create()
 9 SYSTEMPATH\CodeIgniter.php(507): CodeIgniter\CodeIgniter->runController(Object(App\Controllers\Api\BookingController))
10 SYSTEMPATH\CodeIgniter.php(354): CodeIgniter\CodeIgniter->handleRequest(null, Object(Config\Cache), false)
11 SYSTEMPATH\Boot.php(334): CodeIgniter\CodeIgniter->run()
12 SYSTEMPATH\Boot.php(67): CodeIgniter\Boot::runCodeIgniter(Object(CodeIgniter\CodeIgniter))
13 FCPATH\index.php(56): CodeIgniter\Boot::bootWeb(Object(Config\Paths))
14 SYSTEMPATH\rewrite.php(44): require_once('C:\\Users\\User\\ci4authentication\\public\\index.php')
CRITICAL - 2025-05-08 03:57:14 --> [Caused by] mysqli_sql_exception: Unknown column 'updated_at' in 'field list'
in SYSTEMPATH\Database\MySQLi\Connection.php on line 327.
 1 SYSTEMPATH\Database\MySQLi\Connection.php(327): mysqli->query('INSERT INTO `booking` (`booking_number`, `lot_id`, `customer_id`, `customer_count`, `total_amount`, `rental_list`, `check_in`, `check_out`, `receipt_number`, `created_at`, `updated_at`) VALUES (\'B001\', 1, 1, 2, 150, \'Tent, Sleeping Bag\', \'2025-06-01 14:00:00\', \'2025-06-03 10:00:00\', \'R001\', \'2025-05-08 03:57:14\', \'2025-05-08 03:57:14\')', 0)
 2 SYSTEMPATH\Database\BaseConnection.php(738): CodeIgniter\Database\MySQLi\Connection->execute('INSERT INTO `booking` (`booking_number`, `lot_id`, `customer_id`, `customer_count`, `total_amount`, `rental_list`, `check_in`, `check_out`, `receipt_number`, `created_at`, `updated_at`) VALUES (\'B001\', 1, 1, 2, 150, \'Tent, Sleeping Bag\', \'2025-06-01 14:00:00\', \'2025-06-03 10:00:00\', \'R001\', \'2025-05-08 03:57:14\', \'2025-05-08 03:57:14\')')
 3 SYSTEMPATH\Database\BaseConnection.php(652): CodeIgniter\Database\BaseConnection->simpleQuery('INSERT INTO `booking` (`booking_number`, `lot_id`, `customer_id`, `customer_count`, `total_amount`, `rental_list`, `check_in`, `check_out`, `receipt_number`, `created_at`, `updated_at`) VALUES (\'B001\', 1, 1, 2, 150, \'Tent, Sleeping Bag\', \'2025-06-01 14:00:00\', \'2025-06-03 10:00:00\', \'R001\', \'2025-05-08 03:57:14\', \'2025-05-08 03:57:14\')')
 4 SYSTEMPATH\Database\BaseBuilder.php(2345): CodeIgniter\Database\BaseConnection->query('INSERT INTO `booking` (`booking_number`, `lot_id`, `customer_id`, `customer_count`, `total_amount`, `rental_list`, `check_in`, `check_out`, `receipt_number`, `created_at`, `updated_at`) VALUES (:booking_number:, :lot_id:, :customer_id:, :customer_count:, :total_amount:, :rental_list:, :check_in:, :check_out:, :receipt_number:, :created_at:, :updated_at:)', [...], false)
 5 SYSTEMPATH\Model.php(394): CodeIgniter\Database\BaseBuilder->insert()
 6 SYSTEMPATH\BaseModel.php(843): CodeIgniter\Model->doInsert([...])
 7 SYSTEMPATH\Model.php(800): CodeIgniter\BaseModel->insert([...], true)
 8 APPPATH\Controllers\Api\BookingController.php(44): CodeIgniter\Model->insert([...])
 9 SYSTEMPATH\CodeIgniter.php(933): App\Controllers\Api\BookingController->create()
10 SYSTEMPATH\CodeIgniter.php(507): CodeIgniter\CodeIgniter->runController(Object(App\Controllers\Api\BookingController))
11 SYSTEMPATH\CodeIgniter.php(354): CodeIgniter\CodeIgniter->handleRequest(null, Object(Config\Cache), false)
12 SYSTEMPATH\Boot.php(334): CodeIgniter\CodeIgniter->run()
13 SYSTEMPATH\Boot.php(67): CodeIgniter\Boot::runCodeIgniter(Object(CodeIgniter\CodeIgniter))
14 FCPATH\index.php(56): CodeIgniter\Boot::bootWeb(Object(Config\Paths))
15 SYSTEMPATH\rewrite.php(44): require_once('C:\\Users\\User\\ci4authentication\\public\\index.php')
ERROR - 2025-05-08 04:03:43 --> mysqli_sql_exception: Unknown column 'updated_at' in 'field list' in C:\Users\User\ci4authentication\vendor\codeigniter4\framework\system\Database\MySQLi\Connection.php:327
Stack trace:
#0 C:\Users\User\ci4authentication\vendor\codeigniter4\framework\system\Database\MySQLi\Connection.php(327): mysqli->query('INSERT INTO `bo...', 0)
#1 C:\Users\User\ci4authentication\vendor\codeigniter4\framework\system\Database\BaseConnection.php(738): CodeIgniter\Database\MySQLi\Connection->execute('INSERT INTO `bo...')
#2 C:\Users\User\ci4authentication\vendor\codeigniter4\framework\system\Database\BaseConnection.php(652): CodeIgniter\Database\BaseConnection->simpleQuery('INSERT INTO `bo...')
#3 C:\Users\User\ci4authentication\vendor\codeigniter4\framework\system\Database\BaseBuilder.php(2345): CodeIgniter\Database\BaseConnection->query('INSERT INTO `bo...', Array, false)
#4 C:\Users\User\ci4authentication\vendor\codeigniter4\framework\system\Model.php(394): CodeIgniter\Database\BaseBuilder->insert()
#5 C:\Users\User\ci4authentication\vendor\codeigniter4\framework\system\BaseModel.php(843): CodeIgniter\Model->doInsert(Array)
#6 C:\Users\User\ci4authentication\vendor\codeigniter4\framework\system\Model.php(800): CodeIgniter\BaseModel->insert(Array, true)
#7 C:\Users\User\ci4authentication\app\Controllers\Api\BookingController.php(44): CodeIgniter\Model->insert(Array)
#8 C:\Users\User\ci4authentication\vendor\codeigniter4\framework\system\CodeIgniter.php(933): App\Controllers\Api\BookingController->create()
#9 C:\Users\User\ci4authentication\vendor\codeigniter4\framework\system\CodeIgniter.php(507): CodeIgniter\CodeIgniter->runController(Object(App\Controllers\Api\BookingController))
#10 C:\Users\User\ci4authentication\vendor\codeigniter4\framework\system\CodeIgniter.php(354): CodeIgniter\CodeIgniter->handleRequest(NULL, Object(Config\Cache), false)
#11 C:\Users\User\ci4authentication\vendor\codeigniter4\framework\system\Boot.php(334): CodeIgniter\CodeIgniter->run()
#12 C:\Users\User\ci4authentication\vendor\codeigniter4\framework\system\Boot.php(67): CodeIgniter\Boot::runCodeIgniter(Object(CodeIgniter\CodeIgniter))
#13 C:\Users\User\ci4authentication\public\index.php(56): CodeIgniter\Boot::bootWeb(Object(Config\Paths))
#14 C:\Users\User\ci4authentication\vendor\codeigniter4\framework\system\rewrite.php(44): require_once('C:\\Users\\User\\c...')
#15 {main}
CRITICAL - 2025-05-08 04:03:43 --> CodeIgniter\Database\Exceptions\DatabaseException: Unknown column 'updated_at' in 'field list'
[Method: POST, Route: api/booking]
in SYSTEMPATH\Database\BaseConnection.php on line 692.
 1 SYSTEMPATH\Database\BaseBuilder.php(2345): CodeIgniter\Database\BaseConnection->query('INSERT INTO `booking` (`total_amount`, `receipt_number`, `customer_count`, `booking_number`, `check_in`, `customer_id`, `check_out`, `lot_id`, `rental_list`, `created_at`, `updated_at`) VALUES (:total_amount:, :receipt_number:, :customer_count:, :booking_number:, :check_in:, :customer_id:, :check_out:, :lot_id:, :rental_list:, :created_at:, :updated_at:)', [...], false)
 2 SYSTEMPATH\Model.php(394): CodeIgniter\Database\BaseBuilder->insert()
 3 SYSTEMPATH\BaseModel.php(843): CodeIgniter\Model->doInsert([...])
 4 SYSTEMPATH\Model.php(800): CodeIgniter\BaseModel->insert([...], true)
 5 APPPATH\Controllers\Api\BookingController.php(44): CodeIgniter\Model->insert([...])
 6 SYSTEMPATH\CodeIgniter.php(933): App\Controllers\Api\BookingController->create()
 7 SYSTEMPATH\CodeIgniter.php(507): CodeIgniter\CodeIgniter->runController(Object(App\Controllers\Api\BookingController))
 8 SYSTEMPATH\CodeIgniter.php(354): CodeIgniter\CodeIgniter->handleRequest(null, Object(Config\Cache), false)
 9 SYSTEMPATH\Boot.php(334): CodeIgniter\CodeIgniter->run()
10 SYSTEMPATH\Boot.php(67): CodeIgniter\Boot::runCodeIgniter(Object(CodeIgniter\CodeIgniter))
11 FCPATH\index.php(56): CodeIgniter\Boot::bootWeb(Object(Config\Paths))
12 SYSTEMPATH\rewrite.php(44): require_once('C:\\Users\\User\\ci4authentication\\public\\index.php')
CRITICAL - 2025-05-08 04:03:43 --> [Caused by] CodeIgniter\Database\Exceptions\DatabaseException: Unknown column 'updated_at' in 'field list'
in SYSTEMPATH\Database\MySQLi\Connection.php on line 332.
 1 SYSTEMPATH\Database\BaseConnection.php(738): CodeIgniter\Database\MySQLi\Connection->execute('INSERT INTO `booking` (`total_amount`, `receipt_number`, `customer_count`, `booking_number`, `check_in`, `customer_id`, `check_out`, `lot_id`, `rental_list`, `created_at`, `updated_at`) VALUES (150, \'R001\', 2, \'B001\', \'2025-06-01 14:00:00\', 1, \'2025-06-03 10:00:00\', 1, \'Tent, Sleeping Bag\', \'2025-05-08 04:03:43\', \'2025-05-08 04:03:43\')')
 2 SYSTEMPATH\Database\BaseConnection.php(652): CodeIgniter\Database\BaseConnection->simpleQuery('INSERT INTO `booking` (`total_amount`, `receipt_number`, `customer_count`, `booking_number`, `check_in`, `customer_id`, `check_out`, `lot_id`, `rental_list`, `created_at`, `updated_at`) VALUES (150, \'R001\', 2, \'B001\', \'2025-06-01 14:00:00\', 1, \'2025-06-03 10:00:00\', 1, \'Tent, Sleeping Bag\', \'2025-05-08 04:03:43\', \'2025-05-08 04:03:43\')')
 3 SYSTEMPATH\Database\BaseBuilder.php(2345): CodeIgniter\Database\BaseConnection->query('INSERT INTO `booking` (`total_amount`, `receipt_number`, `customer_count`, `booking_number`, `check_in`, `customer_id`, `check_out`, `lot_id`, `rental_list`, `created_at`, `updated_at`) VALUES (:total_amount:, :receipt_number:, :customer_count:, :booking_number:, :check_in:, :customer_id:, :check_out:, :lot_id:, :rental_list:, :created_at:, :updated_at:)', [...], false)
 4 SYSTEMPATH\Model.php(394): CodeIgniter\Database\BaseBuilder->insert()
 5 SYSTEMPATH\BaseModel.php(843): CodeIgniter\Model->doInsert([...])
 6 SYSTEMPATH\Model.php(800): CodeIgniter\BaseModel->insert([...], true)
 7 APPPATH\Controllers\Api\BookingController.php(44): CodeIgniter\Model->insert([...])
 8 SYSTEMPATH\CodeIgniter.php(933): App\Controllers\Api\BookingController->create()
 9 SYSTEMPATH\CodeIgniter.php(507): CodeIgniter\CodeIgniter->runController(Object(App\Controllers\Api\BookingController))
10 SYSTEMPATH\CodeIgniter.php(354): CodeIgniter\CodeIgniter->handleRequest(null, Object(Config\Cache), false)
11 SYSTEMPATH\Boot.php(334): CodeIgniter\CodeIgniter->run()
12 SYSTEMPATH\Boot.php(67): CodeIgniter\Boot::runCodeIgniter(Object(CodeIgniter\CodeIgniter))
13 FCPATH\index.php(56): CodeIgniter\Boot::bootWeb(Object(Config\Paths))
14 SYSTEMPATH\rewrite.php(44): require_once('C:\\Users\\User\\ci4authentication\\public\\index.php')
CRITICAL - 2025-05-08 04:03:43 --> [Caused by] mysqli_sql_exception: Unknown column 'updated_at' in 'field list'
in SYSTEMPATH\Database\MySQLi\Connection.php on line 327.
 1 SYSTEMPATH\Database\MySQLi\Connection.php(327): mysqli->query('INSERT INTO `booking` (`total_amount`, `receipt_number`, `customer_count`, `booking_number`, `check_in`, `customer_id`, `check_out`, `lot_id`, `rental_list`, `created_at`, `updated_at`) VALUES (150, \'R001\', 2, \'B001\', \'2025-06-01 14:00:00\', 1, \'2025-06-03 10:00:00\', 1, \'Tent, Sleeping Bag\', \'2025-05-08 04:03:43\', \'2025-05-08 04:03:43\')', 0)
 2 SYSTEMPATH\Database\BaseConnection.php(738): CodeIgniter\Database\MySQLi\Connection->execute('INSERT INTO `booking` (`total_amount`, `receipt_number`, `customer_count`, `booking_number`, `check_in`, `customer_id`, `check_out`, `lot_id`, `rental_list`, `created_at`, `updated_at`) VALUES (150, \'R001\', 2, \'B001\', \'2025-06-01 14:00:00\', 1, \'2025-06-03 10:00:00\', 1, \'Tent, Sleeping Bag\', \'2025-05-08 04:03:43\', \'2025-05-08 04:03:43\')')
 3 SYSTEMPATH\Database\BaseConnection.php(652): CodeIgniter\Database\BaseConnection->simpleQuery('INSERT INTO `booking` (`total_amount`, `receipt_number`, `customer_count`, `booking_number`, `check_in`, `customer_id`, `check_out`, `lot_id`, `rental_list`, `created_at`, `updated_at`) VALUES (150, \'R001\', 2, \'B001\', \'2025-06-01 14:00:00\', 1, \'2025-06-03 10:00:00\', 1, \'Tent, Sleeping Bag\', \'2025-05-08 04:03:43\', \'2025-05-08 04:03:43\')')
 4 SYSTEMPATH\Database\BaseBuilder.php(2345): CodeIgniter\Database\BaseConnection->query('INSERT INTO `booking` (`total_amount`, `receipt_number`, `customer_count`, `booking_number`, `check_in`, `customer_id`, `check_out`, `lot_id`, `rental_list`, `created_at`, `updated_at`) VALUES (:total_amount:, :receipt_number:, :customer_count:, :booking_number:, :check_in:, :customer_id:, :check_out:, :lot_id:, :rental_list:, :created_at:, :updated_at:)', [...], false)
 5 SYSTEMPATH\Model.php(394): CodeIgniter\Database\BaseBuilder->insert()
 6 SYSTEMPATH\BaseModel.php(843): CodeIgniter\Model->doInsert([...])
 7 SYSTEMPATH\Model.php(800): CodeIgniter\BaseModel->insert([...], true)
 8 APPPATH\Controllers\Api\BookingController.php(44): CodeIgniter\Model->insert([...])
 9 SYSTEMPATH\CodeIgniter.php(933): App\Controllers\Api\BookingController->create()
10 SYSTEMPATH\CodeIgniter.php(507): CodeIgniter\CodeIgniter->runController(Object(App\Controllers\Api\BookingController))
11 SYSTEMPATH\CodeIgniter.php(354): CodeIgniter\CodeIgniter->handleRequest(null, Object(Config\Cache), false)
12 SYSTEMPATH\Boot.php(334): CodeIgniter\CodeIgniter->run()
13 SYSTEMPATH\Boot.php(67): CodeIgniter\Boot::runCodeIgniter(Object(CodeIgniter\CodeIgniter))
14 FCPATH\index.php(56): CodeIgniter\Boot::bootWeb(Object(Config\Paths))
15 SYSTEMPATH\rewrite.php(44): require_once('C:\\Users\\User\\ci4authentication\\public\\index.php')
ERROR - 2025-05-08 04:04:52 --> mysqli_sql_exception: Unknown column 'updated_at' in 'field list' in C:\Users\User\ci4authentication\vendor\codeigniter4\framework\system\Database\MySQLi\Connection.php:327
Stack trace:
#0 C:\Users\User\ci4authentication\vendor\codeigniter4\framework\system\Database\MySQLi\Connection.php(327): mysqli->query('INSERT INTO `bo...', 0)
#1 C:\Users\User\ci4authentication\vendor\codeigniter4\framework\system\Database\BaseConnection.php(738): CodeIgniter\Database\MySQLi\Connection->execute('INSERT INTO `bo...')
#2 C:\Users\User\ci4authentication\vendor\codeigniter4\framework\system\Database\BaseConnection.php(652): CodeIgniter\Database\BaseConnection->simpleQuery('INSERT INTO `bo...')
#3 C:\Users\User\ci4authentication\vendor\codeigniter4\framework\system\Database\BaseBuilder.php(2345): CodeIgniter\Database\BaseConnection->query('INSERT INTO `bo...', Array, false)
#4 C:\Users\User\ci4authentication\vendor\codeigniter4\framework\system\Model.php(394): CodeIgniter\Database\BaseBuilder->insert()
#5 C:\Users\User\ci4authentication\vendor\codeigniter4\framework\system\BaseModel.php(843): CodeIgniter\Model->doInsert(Array)
#6 C:\Users\User\ci4authentication\vendor\codeigniter4\framework\system\Model.php(800): CodeIgniter\BaseModel->insert(Array, true)
#7 C:\Users\User\ci4authentication\app\Controllers\Api\BookingController.php(44): CodeIgniter\Model->insert(Array)
#8 C:\Users\User\ci4authentication\vendor\codeigniter4\framework\system\CodeIgniter.php(933): App\Controllers\Api\BookingController->create()
#9 C:\Users\User\ci4authentication\vendor\codeigniter4\framework\system\CodeIgniter.php(507): CodeIgniter\CodeIgniter->runController(Object(App\Controllers\Api\BookingController))
#10 C:\Users\User\ci4authentication\vendor\codeigniter4\framework\system\CodeIgniter.php(354): CodeIgniter\CodeIgniter->handleRequest(NULL, Object(Config\Cache), false)
#11 C:\Users\User\ci4authentication\vendor\codeigniter4\framework\system\Boot.php(334): CodeIgniter\CodeIgniter->run()
#12 C:\Users\User\ci4authentication\vendor\codeigniter4\framework\system\Boot.php(67): CodeIgniter\Boot::runCodeIgniter(Object(CodeIgniter\CodeIgniter))
#13 C:\Users\User\ci4authentication\public\index.php(56): CodeIgniter\Boot::bootWeb(Object(Config\Paths))
#14 C:\Users\User\ci4authentication\vendor\codeigniter4\framework\system\rewrite.php(44): require_once('C:\\Users\\User\\c...')
#15 {main}
CRITICAL - 2025-05-08 04:04:52 --> CodeIgniter\Database\Exceptions\DatabaseException: Unknown column 'updated_at' in 'field list'
[Method: POST, Route: api/booking]
in SYSTEMPATH\Database\BaseConnection.php on line 692.
 1 SYSTEMPATH\Database\BaseBuilder.php(2345): CodeIgniter\Database\BaseConnection->query('INSERT INTO `booking` (`total_amount`, `receipt_number`, `customer_count`, `booking_number`, `check_in`, `customer_id`, `check_out`, `lot_id`, `rental_list`, `created_at`, `updated_at`) VALUES (:total_amount:, :receipt_number:, :customer_count:, :booking_number:, :check_in:, :customer_id:, :check_out:, :lot_id:, :rental_list:, :created_at:, :updated_at:)', [...], false)
 2 SYSTEMPATH\Model.php(394): CodeIgniter\Database\BaseBuilder->insert()
 3 SYSTEMPATH\BaseModel.php(843): CodeIgniter\Model->doInsert([...])
 4 SYSTEMPATH\Model.php(800): CodeIgniter\BaseModel->insert([...], true)
 5 APPPATH\Controllers\Api\BookingController.php(44): CodeIgniter\Model->insert([...])
 6 SYSTEMPATH\CodeIgniter.php(933): App\Controllers\Api\BookingController->create()
 7 SYSTEMPATH\CodeIgniter.php(507): CodeIgniter\CodeIgniter->runController(Object(App\Controllers\Api\BookingController))
 8 SYSTEMPATH\CodeIgniter.php(354): CodeIgniter\CodeIgniter->handleRequest(null, Object(Config\Cache), false)
 9 SYSTEMPATH\Boot.php(334): CodeIgniter\CodeIgniter->run()
10 SYSTEMPATH\Boot.php(67): CodeIgniter\Boot::runCodeIgniter(Object(CodeIgniter\CodeIgniter))
11 FCPATH\index.php(56): CodeIgniter\Boot::bootWeb(Object(Config\Paths))
12 SYSTEMPATH\rewrite.php(44): require_once('C:\\Users\\User\\ci4authentication\\public\\index.php')
CRITICAL - 2025-05-08 04:04:52 --> [Caused by] CodeIgniter\Database\Exceptions\DatabaseException: Unknown column 'updated_at' in 'field list'
in SYSTEMPATH\Database\MySQLi\Connection.php on line 332.
 1 SYSTEMPATH\Database\BaseConnection.php(738): CodeIgniter\Database\MySQLi\Connection->execute('INSERT INTO `booking` (`total_amount`, `receipt_number`, `customer_count`, `booking_number`, `check_in`, `customer_id`, `check_out`, `lot_id`, `rental_list`, `created_at`, `updated_at`) VALUES (150, \'R001\', 2, \'B001\', \'2025-06-01 14:00:00\', 1, \'2025-06-03 10:00:00\', 1, \'Tent, Sleeping Bag\', \'2025-05-08 04:04:52\', \'2025-05-08 04:04:52\')')
 2 SYSTEMPATH\Database\BaseConnection.php(652): CodeIgniter\Database\BaseConnection->simpleQuery('INSERT INTO `booking` (`total_amount`, `receipt_number`, `customer_count`, `booking_number`, `check_in`, `customer_id`, `check_out`, `lot_id`, `rental_list`, `created_at`, `updated_at`) VALUES (150, \'R001\', 2, \'B001\', \'2025-06-01 14:00:00\', 1, \'2025-06-03 10:00:00\', 1, \'Tent, Sleeping Bag\', \'2025-05-08 04:04:52\', \'2025-05-08 04:04:52\')')
 3 SYSTEMPATH\Database\BaseBuilder.php(2345): CodeIgniter\Database\BaseConnection->query('INSERT INTO `booking` (`total_amount`, `receipt_number`, `customer_count`, `booking_number`, `check_in`, `customer_id`, `check_out`, `lot_id`, `rental_list`, `created_at`, `updated_at`) VALUES (:total_amount:, :receipt_number:, :customer_count:, :booking_number:, :check_in:, :customer_id:, :check_out:, :lot_id:, :rental_list:, :created_at:, :updated_at:)', [...], false)
 4 SYSTEMPATH\Model.php(394): CodeIgniter\Database\BaseBuilder->insert()
 5 SYSTEMPATH\BaseModel.php(843): CodeIgniter\Model->doInsert([...])
 6 SYSTEMPATH\Model.php(800): CodeIgniter\BaseModel->insert([...], true)
 7 APPPATH\Controllers\Api\BookingController.php(44): CodeIgniter\Model->insert([...])
 8 SYSTEMPATH\CodeIgniter.php(933): App\Controllers\Api\BookingController->create()
 9 SYSTEMPATH\CodeIgniter.php(507): CodeIgniter\CodeIgniter->runController(Object(App\Controllers\Api\BookingController))
10 SYSTEMPATH\CodeIgniter.php(354): CodeIgniter\CodeIgniter->handleRequest(null, Object(Config\Cache), false)
11 SYSTEMPATH\Boot.php(334): CodeIgniter\CodeIgniter->run()
12 SYSTEMPATH\Boot.php(67): CodeIgniter\Boot::runCodeIgniter(Object(CodeIgniter\CodeIgniter))
13 FCPATH\index.php(56): CodeIgniter\Boot::bootWeb(Object(Config\Paths))
14 SYSTEMPATH\rewrite.php(44): require_once('C:\\Users\\User\\ci4authentication\\public\\index.php')
CRITICAL - 2025-05-08 04:04:52 --> [Caused by] mysqli_sql_exception: Unknown column 'updated_at' in 'field list'
in SYSTEMPATH\Database\MySQLi\Connection.php on line 327.
 1 SYSTEMPATH\Database\MySQLi\Connection.php(327): mysqli->query('INSERT INTO `booking` (`total_amount`, `receipt_number`, `customer_count`, `booking_number`, `check_in`, `customer_id`, `check_out`, `lot_id`, `rental_list`, `created_at`, `updated_at`) VALUES (150, \'R001\', 2, \'B001\', \'2025-06-01 14:00:00\', 1, \'2025-06-03 10:00:00\', 1, \'Tent, Sleeping Bag\', \'2025-05-08 04:04:52\', \'2025-05-08 04:04:52\')', 0)
 2 SYSTEMPATH\Database\BaseConnection.php(738): CodeIgniter\Database\MySQLi\Connection->execute('INSERT INTO `booking` (`total_amount`, `receipt_number`, `customer_count`, `booking_number`, `check_in`, `customer_id`, `check_out`, `lot_id`, `rental_list`, `created_at`, `updated_at`) VALUES (150, \'R001\', 2, \'B001\', \'2025-06-01 14:00:00\', 1, \'2025-06-03 10:00:00\', 1, \'Tent, Sleeping Bag\', \'2025-05-08 04:04:52\', \'2025-05-08 04:04:52\')')
 3 SYSTEMPATH\Database\BaseConnection.php(652): CodeIgniter\Database\BaseConnection->simpleQuery('INSERT INTO `booking` (`total_amount`, `receipt_number`, `customer_count`, `booking_number`, `check_in`, `customer_id`, `check_out`, `lot_id`, `rental_list`, `created_at`, `updated_at`) VALUES (150, \'R001\', 2, \'B001\', \'2025-06-01 14:00:00\', 1, \'2025-06-03 10:00:00\', 1, \'Tent, Sleeping Bag\', \'2025-05-08 04:04:52\', \'2025-05-08 04:04:52\')')
 4 SYSTEMPATH\Database\BaseBuilder.php(2345): CodeIgniter\Database\BaseConnection->query('INSERT INTO `booking` (`total_amount`, `receipt_number`, `customer_count`, `booking_number`, `check_in`, `customer_id`, `check_out`, `lot_id`, `rental_list`, `created_at`, `updated_at`) VALUES (:total_amount:, :receipt_number:, :customer_count:, :booking_number:, :check_in:, :customer_id:, :check_out:, :lot_id:, :rental_list:, :created_at:, :updated_at:)', [...], false)
 5 SYSTEMPATH\Model.php(394): CodeIgniter\Database\BaseBuilder->insert()
 6 SYSTEMPATH\BaseModel.php(843): CodeIgniter\Model->doInsert([...])
 7 SYSTEMPATH\Model.php(800): CodeIgniter\BaseModel->insert([...], true)
 8 APPPATH\Controllers\Api\BookingController.php(44): CodeIgniter\Model->insert([...])
 9 SYSTEMPATH\CodeIgniter.php(933): App\Controllers\Api\BookingController->create()
10 SYSTEMPATH\CodeIgniter.php(507): CodeIgniter\CodeIgniter->runController(Object(App\Controllers\Api\BookingController))
11 SYSTEMPATH\CodeIgniter.php(354): CodeIgniter\CodeIgniter->handleRequest(null, Object(Config\Cache), false)
12 SYSTEMPATH\Boot.php(334): CodeIgniter\CodeIgniter->run()
13 SYSTEMPATH\Boot.php(67): CodeIgniter\Boot::runCodeIgniter(Object(CodeIgniter\CodeIgniter))
14 FCPATH\index.php(56): CodeIgniter\Boot::bootWeb(Object(Config\Paths))
15 SYSTEMPATH\rewrite.php(44): require_once('C:\\Users\\User\\ci4authentication\\public\\index.php')
ERROR - 2025-05-08 04:19:35 --> mysqli_sql_exception: Duplicate entry 'B001' for key 'booking.booking_number' in C:\Users\User\ci4authentication\vendor\codeigniter4\framework\system\Database\MySQLi\Connection.php:327
Stack trace:
#0 C:\Users\User\ci4authentication\vendor\codeigniter4\framework\system\Database\MySQLi\Connection.php(327): mysqli->query('INSERT INTO `bo...', 0)
#1 C:\Users\User\ci4authentication\vendor\codeigniter4\framework\system\Database\BaseConnection.php(738): CodeIgniter\Database\MySQLi\Connection->execute('INSERT INTO `bo...')
#2 C:\Users\User\ci4authentication\vendor\codeigniter4\framework\system\Database\BaseConnection.php(652): CodeIgniter\Database\BaseConnection->simpleQuery('INSERT INTO `bo...')
#3 C:\Users\User\ci4authentication\vendor\codeigniter4\framework\system\Database\BaseBuilder.php(2345): CodeIgniter\Database\BaseConnection->query('INSERT INTO `bo...', Array, false)
#4 C:\Users\User\ci4authentication\vendor\codeigniter4\framework\system\Model.php(394): CodeIgniter\Database\BaseBuilder->insert()
#5 C:\Users\User\ci4authentication\vendor\codeigniter4\framework\system\BaseModel.php(843): CodeIgniter\Model->doInsert(Array)
#6 C:\Users\User\ci4authentication\vendor\codeigniter4\framework\system\Model.php(800): CodeIgniter\BaseModel->insert(Array, true)
#7 C:\Users\User\ci4authentication\app\Controllers\Api\BookingController.php(44): CodeIgniter\Model->insert(Array)
#8 C:\Users\User\ci4authentication\vendor\codeigniter4\framework\system\CodeIgniter.php(933): App\Controllers\Api\BookingController->create()
#9 C:\Users\User\ci4authentication\vendor\codeigniter4\framework\system\CodeIgniter.php(507): CodeIgniter\CodeIgniter->runController(Object(App\Controllers\Api\BookingController))
#10 C:\Users\User\ci4authentication\vendor\codeigniter4\framework\system\CodeIgniter.php(354): CodeIgniter\CodeIgniter->handleRequest(NULL, Object(Config\Cache), false)
#11 C:\Users\User\ci4authentication\vendor\codeigniter4\framework\system\Boot.php(334): CodeIgniter\CodeIgniter->run()
#12 C:\Users\User\ci4authentication\vendor\codeigniter4\framework\system\Boot.php(67): CodeIgniter\Boot::runCodeIgniter(Object(CodeIgniter\CodeIgniter))
#13 C:\Users\User\ci4authentication\public\index.php(56): CodeIgniter\Boot::bootWeb(Object(Config\Paths))
#14 C:\Users\User\ci4authentication\vendor\codeigniter4\framework\system\rewrite.php(44): require_once('C:\\Users\\User\\c...')
#15 {main}
CRITICAL - 2025-05-08 04:19:35 --> CodeIgniter\Database\Exceptions\DatabaseException: Duplicate entry 'B001' for key 'booking.booking_number'
[Method: POST, Route: api/booking]
in SYSTEMPATH\Database\BaseConnection.php on line 692.
 1 SYSTEMPATH\Database\BaseBuilder.php(2345): CodeIgniter\Database\BaseConnection->query('INSERT INTO `booking` (`booking_number`, `lot_id`, `customer_id`, `customer_count`, `total_amount`, `rental_list`, `check_in`, `check_out`, `receipt_number`) VALUES (:booking_number:, :lot_id:, :customer_id:, :customer_count:, :total_amount:, :rental_list:, :check_in:, :check_out:, :receipt_number:)', [...], false)
 2 SYSTEMPATH\Model.php(394): CodeIgniter\Database\BaseBuilder->insert()
 3 SYSTEMPATH\BaseModel.php(843): CodeIgniter\Model->doInsert([...])
 4 SYSTEMPATH\Model.php(800): CodeIgniter\BaseModel->insert([...], true)
 5 APPPATH\Controllers\Api\BookingController.php(44): CodeIgniter\Model->insert([...])
 6 SYSTEMPATH\CodeIgniter.php(933): App\Controllers\Api\BookingController->create()
 7 SYSTEMPATH\CodeIgniter.php(507): CodeIgniter\CodeIgniter->runController(Object(App\Controllers\Api\BookingController))
 8 SYSTEMPATH\CodeIgniter.php(354): CodeIgniter\CodeIgniter->handleRequest(null, Object(Config\Cache), false)
 9 SYSTEMPATH\Boot.php(334): CodeIgniter\CodeIgniter->run()
10 SYSTEMPATH\Boot.php(67): CodeIgniter\Boot::runCodeIgniter(Object(CodeIgniter\CodeIgniter))
11 FCPATH\index.php(56): CodeIgniter\Boot::bootWeb(Object(Config\Paths))
12 SYSTEMPATH\rewrite.php(44): require_once('C:\\Users\\User\\ci4authentication\\public\\index.php')
CRITICAL - 2025-05-08 04:19:35 --> [Caused by] CodeIgniter\Database\Exceptions\DatabaseException: Duplicate entry 'B001' for key 'booking.booking_number'
in SYSTEMPATH\Database\MySQLi\Connection.php on line 332.
 1 SYSTEMPATH\Database\BaseConnection.php(738): CodeIgniter\Database\MySQLi\Connection->execute('INSERT INTO `booking` (`booking_number`, `lot_id`, `customer_id`, `customer_count`, `total_amount`, `rental_list`, `check_in`, `check_out`, `receipt_number`) VALUES (\'B001\', 1, 1, 2, 150, \'Sleeping Bag x2\', \'2025-06-01 14:00:00\', \'2025-06-03 10:00:00\', \'R001\')')
 2 SYSTEMPATH\Database\BaseConnection.php(652): CodeIgniter\Database\BaseConnection->simpleQuery('INSERT INTO `booking` (`booking_number`, `lot_id`, `customer_id`, `customer_count`, `total_amount`, `rental_list`, `check_in`, `check_out`, `receipt_number`) VALUES (\'B001\', 1, 1, 2, 150, \'Sleeping Bag x2\', \'2025-06-01 14:00:00\', \'2025-06-03 10:00:00\', \'R001\')')
 3 SYSTEMPATH\Database\BaseBuilder.php(2345): CodeIgniter\Database\BaseConnection->query('INSERT INTO `booking` (`booking_number`, `lot_id`, `customer_id`, `customer_count`, `total_amount`, `rental_list`, `check_in`, `check_out`, `receipt_number`) VALUES (:booking_number:, :lot_id:, :customer_id:, :customer_count:, :total_amount:, :rental_list:, :check_in:, :check_out:, :receipt_number:)', [...], false)
 4 SYSTEMPATH\Model.php(394): CodeIgniter\Database\BaseBuilder->insert()
 5 SYSTEMPATH\BaseModel.php(843): CodeIgniter\Model->doInsert([...])
 6 SYSTEMPATH\Model.php(800): CodeIgniter\BaseModel->insert([...], true)
 7 APPPATH\Controllers\Api\BookingController.php(44): CodeIgniter\Model->insert([...])
 8 SYSTEMPATH\CodeIgniter.php(933): App\Controllers\Api\BookingController->create()
 9 SYSTEMPATH\CodeIgniter.php(507): CodeIgniter\CodeIgniter->runController(Object(App\Controllers\Api\BookingController))
10 SYSTEMPATH\CodeIgniter.php(354): CodeIgniter\CodeIgniter->handleRequest(null, Object(Config\Cache), false)
11 SYSTEMPATH\Boot.php(334): CodeIgniter\CodeIgniter->run()
12 SYSTEMPATH\Boot.php(67): CodeIgniter\Boot::runCodeIgniter(Object(CodeIgniter\CodeIgniter))
13 FCPATH\index.php(56): CodeIgniter\Boot::bootWeb(Object(Config\Paths))
14 SYSTEMPATH\rewrite.php(44): require_once('C:\\Users\\User\\ci4authentication\\public\\index.php')
CRITICAL - 2025-05-08 04:19:35 --> [Caused by] mysqli_sql_exception: Duplicate entry 'B001' for key 'booking.booking_number'
in SYSTEMPATH\Database\MySQLi\Connection.php on line 327.
 1 SYSTEMPATH\Database\MySQLi\Connection.php(327): mysqli->query('INSERT INTO `booking` (`booking_number`, `lot_id`, `customer_id`, `customer_count`, `total_amount`, `rental_list`, `check_in`, `check_out`, `receipt_number`) VALUES (\'B001\', 1, 1, 2, 150, \'Sleeping Bag x2\', \'2025-06-01 14:00:00\', \'2025-06-03 10:00:00\', \'R001\')', 0)
 2 SYSTEMPATH\Database\BaseConnection.php(738): CodeIgniter\Database\MySQLi\Connection->execute('INSERT INTO `booking` (`booking_number`, `lot_id`, `customer_id`, `customer_count`, `total_amount`, `rental_list`, `check_in`, `check_out`, `receipt_number`) VALUES (\'B001\', 1, 1, 2, 150, \'Sleeping Bag x2\', \'2025-06-01 14:00:00\', \'2025-06-03 10:00:00\', \'R001\')')
 3 SYSTEMPATH\Database\BaseConnection.php(652): CodeIgniter\Database\BaseConnection->simpleQuery('INSERT INTO `booking` (`booking_number`, `lot_id`, `customer_id`, `customer_count`, `total_amount`, `rental_list`, `check_in`, `check_out`, `receipt_number`) VALUES (\'B001\', 1, 1, 2, 150, \'Sleeping Bag x2\', \'2025-06-01 14:00:00\', \'2025-06-03 10:00:00\', \'R001\')')
 4 SYSTEMPATH\Database\BaseBuilder.php(2345): CodeIgniter\Database\BaseConnection->query('INSERT INTO `booking` (`booking_number`, `lot_id`, `customer_id`, `customer_count`, `total_amount`, `rental_list`, `check_in`, `check_out`, `receipt_number`) VALUES (:booking_number:, :lot_id:, :customer_id:, :customer_count:, :total_amount:, :rental_list:, :check_in:, :check_out:, :receipt_number:)', [...], false)
 5 SYSTEMPATH\Model.php(394): CodeIgniter\Database\BaseBuilder->insert()
 6 SYSTEMPATH\BaseModel.php(843): CodeIgniter\Model->doInsert([...])
 7 SYSTEMPATH\Model.php(800): CodeIgniter\BaseModel->insert([...], true)
 8 APPPATH\Controllers\Api\BookingController.php(44): CodeIgniter\Model->insert([...])
 9 SYSTEMPATH\CodeIgniter.php(933): App\Controllers\Api\BookingController->create()
10 SYSTEMPATH\CodeIgniter.php(507): CodeIgniter\CodeIgniter->runController(Object(App\Controllers\Api\BookingController))
11 SYSTEMPATH\CodeIgniter.php(354): CodeIgniter\CodeIgniter->handleRequest(null, Object(Config\Cache), false)
12 SYSTEMPATH\Boot.php(334): CodeIgniter\CodeIgniter->run()
13 SYSTEMPATH\Boot.php(67): CodeIgniter\Boot::runCodeIgniter(Object(CodeIgniter\CodeIgniter))
14 FCPATH\index.php(56): CodeIgniter\Boot::bootWeb(Object(Config\Paths))
15 SYSTEMPATH\rewrite.php(44): require_once('C:\\Users\\User\\ci4authentication\\public\\index.php')
CRITICAL - 2025-05-08 04:26:24 --> ParseError: syntax error, unexpected token "{", expecting "function"
[Method: POST, Route: api/booking]
in APPPATH\Controllers\Api\BookingController.php on line 38.
 1 VENDORPATH\composer\ClassLoader.php(427): Composer\Autoload\{closure}('C:\\Users\\User\\ci4authentication\\vendor\\composer/../../app\\Controllers\\Api\\BookingController.php')
 2 [internal function]: Composer\Autoload\ClassLoader->loadClass('App\\Controllers\\Api\\BookingController')
 3 SYSTEMPATH\CodeIgniter.php(885): class_exists('\\App\\Controllers\\Api\\BookingController', true)
 4 SYSTEMPATH\CodeIgniter.php(494): CodeIgniter\CodeIgniter->startController()
 5 SYSTEMPATH\CodeIgniter.php(354): CodeIgniter\CodeIgniter->handleRequest(null, Object(Config\Cache), false)
 6 SYSTEMPATH\Boot.php(334): CodeIgniter\CodeIgniter->run()
 7 SYSTEMPATH\Boot.php(67): CodeIgniter\Boot::runCodeIgniter(Object(CodeIgniter\CodeIgniter))
 8 FCPATH\index.php(56): CodeIgniter\Boot::bootWeb(Object(Config\Paths))
 9 SYSTEMPATH\rewrite.php(44): require_once('C:\\Users\\User\\ci4authentication\\public\\index.php')
CRITICAL - 2025-05-08 04:26:41 --> ParseError: syntax error, unexpected token "{", expecting "function"
[Method: POST, Route: api/booking]
in APPPATH\Controllers\Api\BookingController.php on line 38.
 1 VENDORPATH\composer\ClassLoader.php(427): Composer\Autoload\{closure}('C:\\Users\\User\\ci4authentication\\vendor\\composer/../../app\\Controllers\\Api\\BookingController.php')
 2 [internal function]: Composer\Autoload\ClassLoader->loadClass('App\\Controllers\\Api\\BookingController')
 3 SYSTEMPATH\CodeIgniter.php(885): class_exists('\\App\\Controllers\\Api\\BookingController', true)
 4 SYSTEMPATH\CodeIgniter.php(494): CodeIgniter\CodeIgniter->startController()
 5 SYSTEMPATH\CodeIgniter.php(354): CodeIgniter\CodeIgniter->handleRequest(null, Object(Config\Cache), false)
 6 SYSTEMPATH\Boot.php(334): CodeIgniter\CodeIgniter->run()
 7 SYSTEMPATH\Boot.php(67): CodeIgniter\Boot::runCodeIgniter(Object(CodeIgniter\CodeIgniter))
 8 FCPATH\index.php(56): CodeIgniter\Boot::bootWeb(Object(Config\Paths))
 9 SYSTEMPATH\rewrite.php(44): require_once('C:\\Users\\User\\ci4authentication\\public\\index.php')
CRITICAL - 2025-05-08 04:28:54 --> CodeIgniter\HTTP\Exceptions\HTTPException: Failed to parse JSON string. Error: Malformed UTF-8 characters, possibly incorrectly encoded
[Method: POST, Route: api/booking]
in SYSTEMPATH\HTTP\IncomingRequest.php on line 537.
 1 SYSTEMPATH\HTTP\IncomingRequest.php(537): CodeIgniter\HTTP\Exceptions\HTTPException::forInvalidJSON('Malformed UTF-8 characters, possibly incorrectly encoded')
 2 APPPATH\Controllers\Api\BookingController.php(41): CodeIgniter\HTTP\IncomingRequest->getJSON(true)
 3 SYSTEMPATH\CodeIgniter.php(933): App\Controllers\Api\BookingController->create()
 4 SYSTEMPATH\CodeIgniter.php(507): CodeIgniter\CodeIgniter->runController(Object(App\Controllers\Api\BookingController))
 5 SYSTEMPATH\CodeIgniter.php(354): CodeIgniter\CodeIgniter->handleRequest(null, Object(Config\Cache), false)
 6 SYSTEMPATH\Boot.php(334): CodeIgniter\CodeIgniter->run()
 7 SYSTEMPATH\Boot.php(67): CodeIgniter\Boot::runCodeIgniter(Object(CodeIgniter\CodeIgniter))
 8 FCPATH\index.php(56): CodeIgniter\Boot::bootWeb(Object(Config\Paths))
 9 SYSTEMPATH\rewrite.php(44): require_once('C:\\Users\\User\\ci4authentication\\public\\index.php')
